<?xml version="1.0" encoding="UTF-8"?>
<testng-results ignored="0" total="1" passed="1" failed="0" skipped="0">
  <reporter-output>
  </reporter-output>
  <suite started-at="2024-01-09T16:24:01 IST" name="Default suite" finished-at="2024-01-09T16:24:58 IST" duration-ms="57114">
    <groups>
    </groups>
    <test started-at="2024-01-09T16:24:01 IST" name="Default test" finished-at="2024-01-09T16:24:58 IST" duration-ms="57114">
      <class name="testpkg.FbLoginTest">
        <test-method is-config="true" signature="setup()[pri:0, instance:testpkg.FbLoginTest@18df8434]" started-at="2024-01-09T16:24:01 IST" name="setup" finished-at="2024-01-09T16:24:07 IST" duration-ms="6404" status="PASS">
          <reporter-output>
          </reporter-output>
        </test-method> <!-- setup -->
        <test-method signature="verifyLoginWithValidCred()[pri:0, instance:testpkg.FbLoginTest@18df8434]" started-at="2024-01-09T16:24:07 IST" name="verifyLoginWithValidCred" finished-at="2024-01-09T16:24:58 IST" duration-ms="50655" status="PASS">
          <reporter-output>
          </reporter-output>
        </test-method> <!-- verifyLoginWithValidCred -->
      </class> <!-- testpkg.FbLoginTest -->
    </test> <!-- Default test -->
  </suite> <!-- Default suite -->
</testng-results>
